[1109/190013.724:INFO:CONSOLE(1)] "Uncaught ReferenceError: start is not defined", source: file:///C:/Program%20Files/Google/Chrome/Application/107.0.5304.88/ (1)
[1109/190013.725:INFO:CONSOLE(2)] "Uncaught ReferenceError: onHasParentDirectory is not defined", source: file:///C:/Program%20Files/Google/Chrome/Application/107.0.5304.88/ (2)
[1109/190013.725:INFO:CONSOLE(3)] "Uncaught ReferenceError: addRow is not defined", source: file:///C:/Program%20Files/Google/Chrome/Application/107.0.5304.88/ (3)
[1109/190013.725:INFO:CONSOLE(4)] "Uncaught ReferenceError: addRow is not defined", source: file:///C:/Program%20Files/Google/Chrome/Application/107.0.5304.88/ (4)
[1109/190013.739:INFO:CONSOLE(5)] "Uncaught ReferenceError: addRow is not defined", source: file:///C:/Program%20Files/Google/Chrome/Application/107.0.5304.88/ (5)
[1109/190013.739:INFO:CONSOLE(6)] "Uncaught ReferenceError: addRow is not defined", source: file:///C:/Program%20Files/Google/Chrome/Application/107.0.5304.88/ (6)
[1109/190013.739:INFO:CONSOLE(7)] "Uncaught ReferenceError: addRow is not defined", source: file:///C:/Program%20Files/Google/Chrome/Application/107.0.5304.88/ (7)
[1109/190013.740:INFO:CONSOLE(8)] "Uncaught ReferenceError: addRow is not defined", source: file:///C:/Program%20Files/Google/Chrome/Application/107.0.5304.88/ (8)
[1109/190013.740:INFO:CONSOLE(9)] "Uncaught ReferenceError: addRow is not defined", source: file:///C:/Program%20Files/Google/Chrome/Application/107.0.5304.88/ (9)
[1109/190013.740:INFO:CONSOLE(10)] "Uncaught ReferenceError: addRow is not defined", source: file:///C:/Program%20Files/Google/Chrome/Application/107.0.5304.88/ (10)
[1109/190013.740:INFO:CONSOLE(11)] "Uncaught ReferenceError: addRow is not defined", source: file:///C:/Program%20Files/Google/Chrome/Application/107.0.5304.88/ (11)
[1109/190013.740:INFO:CONSOLE(12)] "Uncaught ReferenceError: addRow is not defined", source: file:///C:/Program%20Files/Google/Chrome/Application/107.0.5304.88/ (12)
[1109/190013.740:INFO:CONSOLE(13)] "Uncaught ReferenceError: addRow is not defined", source: file:///C:/Program%20Files/Google/Chrome/Application/107.0.5304.88/ (13)
[1109/190013.740:INFO:CONSOLE(14)] "Uncaught ReferenceError: addRow is not defined", source: file:///C:/Program%20Files/Google/Chrome/Application/107.0.5304.88/ (14)
[1109/190013.740:INFO:CONSOLE(15)] "Uncaught ReferenceError: addRow is not defined", source: file:///C:/Program%20Files/Google/Chrome/Application/107.0.5304.88/ (15)
[1109/190013.740:INFO:CONSOLE(16)] "Uncaught ReferenceError: addRow is not defined", source: file:///C:/Program%20Files/Google/Chrome/Application/107.0.5304.88/ (16)
[1109/190013.740:INFO:CONSOLE(17)] "Uncaught ReferenceError: addRow is not defined", source: file:///C:/Program%20Files/Google/Chrome/Application/107.0.5304.88/ (17)
[1109/190013.740:INFO:CONSOLE(18)] "Uncaught ReferenceError: addRow is not defined", source: file:///C:/Program%20Files/Google/Chrome/Application/107.0.5304.88/ (18)
[1109/190013.740:INFO:CONSOLE(19)] "Uncaught ReferenceError: addRow is not defined", source: file:///C:/Program%20Files/Google/Chrome/Application/107.0.5304.88/ (19)
[1109/190013.740:INFO:CONSOLE(20)] "Uncaught ReferenceError: addRow is not defined", source: file:///C:/Program%20Files/Google/Chrome/Application/107.0.5304.88/ (20)
[1109/190013.740:INFO:CONSOLE(21)] "Uncaught ReferenceError: addRow is not defined", source: file:///C:/Program%20Files/Google/Chrome/Application/107.0.5304.88/ (21)
[1109/190013.740:INFO:CONSOLE(22)] "Uncaught ReferenceError: addRow is not defined", source: file:///C:/Program%20Files/Google/Chrome/Application/107.0.5304.88/ (22)
[1109/190013.740:INFO:CONSOLE(23)] "Uncaught ReferenceError: addRow is not defined", source: file:///C:/Program%20Files/Google/Chrome/Application/107.0.5304.88/ (23)
[1109/190013.740:INFO:CONSOLE(24)] "Uncaught ReferenceError: addRow is not defined", source: file:///C:/Program%20Files/Google/Chrome/Application/107.0.5304.88/ (24)
[1109/190013.740:INFO:CONSOLE(25)] "Uncaught ReferenceError: addRow is not defined", source: file:///C:/Program%20Files/Google/Chrome/Application/107.0.5304.88/ (25)
[1109/190013.741:INFO:CONSOLE(26)] "Uncaught ReferenceError: addRow is not defined", source: file:///C:/Program%20Files/Google/Chrome/Application/107.0.5304.88/ (26)
[1109/190013.741:INFO:CONSOLE(27)] "Uncaught ReferenceError: addRow is not defined", source: file:///C:/Program%20Files/Google/Chrome/Application/107.0.5304.88/ (27)
[1109/190013.741:INFO:CONSOLE(28)] "Uncaught ReferenceError: addRow is not defined", source: file:///C:/Program%20Files/Google/Chrome/Application/107.0.5304.88/ (28)
[1109/190013.741:INFO:CONSOLE(29)] "Uncaught ReferenceError: addRow is not defined", source: file:///C:/Program%20Files/Google/Chrome/Application/107.0.5304.88/ (29)
[1109/190013.741:INFO:CONSOLE(30)] "Uncaught ReferenceError: addRow is not defined", source: file:///C:/Program%20Files/Google/Chrome/Application/107.0.5304.88/ (30)
[1109/190013.741:INFO:CONSOLE(31)] "Uncaught ReferenceError: addRow is not defined", source: file:///C:/Program%20Files/Google/Chrome/Application/107.0.5304.88/ (31)
[1109/190013.741:INFO:CONSOLE(32)] "Uncaught ReferenceError: addRow is not defined", source: file:///C:/Program%20Files/Google/Chrome/Application/107.0.5304.88/ (32)
[1109/190013.741:INFO:CONSOLE(33)] "Uncaught ReferenceError: addRow is not defined", source: file:///C:/Program%20Files/Google/Chrome/Application/107.0.5304.88/ (33)
[1109/190013.741:INFO:CONSOLE(34)] "Uncaught ReferenceError: addRow is not defined", source: file:///C:/Program%20Files/Google/Chrome/Application/107.0.5304.88/ (34)
[1109/190032.172:INFO:CONSOLE(7)] "Another connection wants to delete database 'wawc_db_enc'. Closing db now to resume the delete request.", source: https://web.whatsapp.com/vendor1~bootstrap_qr.d22113b351145f031a1c.js (7)
[1109/190032.172:INFO:CONSOLE(1)] "Another connection wants to delete database 'wawc_db_enc'. Closing db now to resume the delete request.", source: https://web.whatsapp.com/index.05bef94030ec8d90b663.worker.js (1)
[1109/190033.528:INFO:CONSOLE(7)] "Another connection wants to delete database 'wawc'. Closing db now to resume the delete request.", source: https://web.whatsapp.com/vendor1~bootstrap_qr.d22113b351145f031a1c.js (7)
[1109/190037.374:INFO:CONSOLE(25)] "TypeError: Cannot read properties of undefined (reading 'fade')", source: https://web.whatsapp.com/vendor1~bootstrap_qr.d22113b351145f031a1c.js (25)
[1109/190039.439:INFO:CONSOLE(7)] "Another connection wants to delete database '__dbnames'. Closing db now to resume the delete request.", source: https://web.whatsapp.com/vendor1~bootstrap_qr.d22113b351145f031a1c.js (7)
[1109/190039.440:INFO:CONSOLE(7)] "Another connection wants to delete database 'signal-storage'. Closing db now to resume the delete request.", source: https://web.whatsapp.com/vendor1~bootstrap_qr.d22113b351145f031a1c.js (7)
[1109/190039.441:INFO:CONSOLE(1)] "Another connection wants to delete database '__dbnames'. Closing db now to resume the delete request.", source: https://web.whatsapp.com/index.05bef94030ec8d90b663.worker.js (1)
[1109/190039.441:INFO:CONSOLE(7)] "Another connection wants to delete database 'wawc'. Closing db now to resume the delete request.", source: https://web.whatsapp.com/vendor1~bootstrap_qr.d22113b351145f031a1c.js (7)
[1109/190039.441:INFO:CONSOLE(1)] "Another connection wants to delete database 'wawc_db_enc'. Closing db now to resume the delete request.", source: https://web.whatsapp.com/index.05bef94030ec8d90b663.worker.js (1)
[1109/190039.441:INFO:CONSOLE(7)] "Another connection wants to delete database 'wawc_db_enc'. Closing db now to resume the delete request.", source: https://web.whatsapp.com/vendor1~bootstrap_qr.d22113b351145f031a1c.js (7)
